{"numFailedTestSuites":1,"numFailedTests":1,"numPassedTestSuites":0,"numPassedTests":0,"numPendingTestSuites":0,"numPendingTests":0,"numRuntimeErrorTestSuites":0,"numTodoTests":0,"numTotalTestSuites":1,"numTotalTests":1,"openHandles":[],"snapshot":{"added":0,"didUpdate":false,"failure":false,"filesAdded":0,"filesRemoved":0,"filesRemovedList":[],"filesUnmatched":0,"filesUpdated":0,"matched":0,"total":0,"unchecked":0,"uncheckedKeysByFile":[],"unmatched":0,"updated":0},"startTime":1750379939223,"success":false,"testResults":[{"assertionResults":[{"ancestorTitles":[],"failureMessages":["ReferenceError: React is not defined\n    at App (/home/mian/ioe-ui/src/App.tsx:12:3)\n    at Object.react-stack-bottom-frame (/home/mian/ioe-ui/node_modules/react-dom/cjs/react-dom-client.development.js:23863:20)\n    at renderWithHooks (/home/mian/ioe-ui/node_modules/react-dom/cjs/react-dom-client.development.js:5529:22)\n    at updateFunctionComponent (/home/mian/ioe-ui/node_modules/react-dom/cjs/react-dom-client.development.js:8897:19)\n    at beginWork (/home/mian/ioe-ui/node_modules/react-dom/cjs/react-dom-client.development.js:10522:18)\n    at runWithFiberInDEV (/home/mian/ioe-ui/node_modules/react-dom/cjs/react-dom-client.development.js:1522:13)\n    at performUnitOfWork (/home/mian/ioe-ui/node_modules/react-dom/cjs/react-dom-client.development.js:15140:22)\n    at workLoopSync (/home/mian/ioe-ui/node_modules/react-dom/cjs/react-dom-client.development.js:14956:41)\n    at renderRootSync (/home/mian/ioe-ui/node_modules/react-dom/cjs/react-dom-client.development.js:14936:11)\n    at performWorkOnRoot (/home/mian/ioe-ui/node_modules/react-dom/cjs/react-dom-client.development.js:14462:44)\n    at performWorkOnRootViaSchedulerTask (/home/mian/ioe-ui/node_modules/react-dom/cjs/react-dom-client.development.js:16216:7)\n    at flushActQueue (/home/mian/ioe-ui/node_modules/react/cjs/react.development.js:566:34)\n    at Object.<anonymous>.process.env.NODE_ENV.exports.act (/home/mian/ioe-ui/node_modules/react/cjs/react.development.js:859:10)\n    at /home/mian/ioe-ui/node_modules/@testing-library/react/dist/act-compat.js:47:25\n    at renderRoot (/home/mian/ioe-ui/node_modules/@testing-library/react/dist/pure.js:190:26)\n    at render (/home/mian/ioe-ui/node_modules/@testing-library/react/dist/pure.js:292:10)\n    at Object.<anonymous> (/home/mian/ioe-ui/src/App.test.tsx:6:9)\n    at Promise.then.completed (/home/mian/ioe-ui/node_modules/jest-circus/build/utils.js:391:28)\n    at new Promise (<anonymous>)\n    at callAsyncCircusFn (/home/mian/ioe-ui/node_modules/jest-circus/build/utils.js:316:10)\n    at _callCircusTest (/home/mian/ioe-ui/node_modules/jest-circus/build/run.js:218:40)\n    at processTicksAndRejections (node:internal/process/task_queues:95:5)\n    at _runTest (/home/mian/ioe-ui/node_modules/jest-circus/build/run.js:155:3)\n    at _runTestsForDescribeBlock (/home/mian/ioe-ui/node_modules/jest-circus/build/run.js:66:9)\n    at run (/home/mian/ioe-ui/node_modules/jest-circus/build/run.js:25:3)\n    at runAndTransformResultsToJestFormat (/home/mian/ioe-ui/node_modules/jest-circus/build/legacy-code-todo-rewrite/jestAdapterInit.js:170:21)\n    at jestAdapter (/home/mian/ioe-ui/node_modules/jest-circus/build/legacy-code-todo-rewrite/jestAdapter.js:82:19)\n    at runTestInternal (/home/mian/ioe-ui/node_modules/jest-runner/build/runTest.js:389:16)\n    at runTest (/home/mian/ioe-ui/node_modules/jest-runner/build/runTest.js:475:34)\n    at TestRunner.runTests (/home/mian/ioe-ui/node_modules/jest-runner/build/index.js:101:12)\n    at TestScheduler.scheduleTests (/home/mian/ioe-ui/node_modules/@jest/core/build/TestScheduler.js:333:13)\n    at runJest (/home/mian/ioe-ui/node_modules/@jest/core/build/runJest.js:404:19)\n    at _run10000 (/home/mian/ioe-ui/node_modules/@jest/core/build/cli/index.js:320:7)\n    at runCLI (/home/mian/ioe-ui/node_modules/@jest/core/build/cli/index.js:173:3)\n    at Object.run (/home/mian/ioe-ui/node_modules/jest-cli/build/cli/index.js:155:37)"],"fullName":"renders create campaign header","location":null,"status":"failed","title":"renders create campaign header"}],"endTime":1750379941225,"message":"\u001b[1m\u001b[31m  \u001b[1m● \u001b[22m\u001b[1mrenders create campaign header\u001b[39m\u001b[22m\n\n    ReferenceError: React is not defined\n\u001b[2m\u001b[22m\n\u001b[2m    \u001b[0m \u001b[90m 10 |\u001b[39m   \u001b[36mconst\u001b[39m handleBack \u001b[33m=\u001b[39m () \u001b[33m=>\u001b[39m setActiveStep((prev) \u001b[33m=>\u001b[39m prev \u001b[33m-\u001b[39m \u001b[35m1\u001b[39m)\u001b[33m;\u001b[39m\u001b[22m\n\u001b[2m     \u001b[90m 11 |\u001b[39m\u001b[22m\n\u001b[2m    \u001b[31m\u001b[1m>\u001b[22m\u001b[2m\u001b[39m\u001b[90m 12 |\u001b[39m   \u001b[36mreturn\u001b[39m (\u001b[22m\n\u001b[2m     \u001b[90m    |\u001b[39m   \u001b[31m\u001b[1m^\u001b[22m\u001b[2m\u001b[39m\u001b[22m\n\u001b[2m     \u001b[90m 13 |\u001b[39m     \u001b[33m<\u001b[39m\u001b[33mdiv\u001b[39m\u001b[33m>\u001b[39m\u001b[22m\n\u001b[2m     \u001b[90m 14 |\u001b[39m       \u001b[33m<\u001b[39m\u001b[33mh2\u001b[39m style\u001b[33m=\u001b[39m{{ fontWeight\u001b[33m:\u001b[39m \u001b[35m700\u001b[39m\u001b[33m,\u001b[39m marginTop\u001b[33m:\u001b[39m \u001b[35m24\u001b[39m\u001b[33m,\u001b[39m marginBottom\u001b[33m:\u001b[39m \u001b[35m24\u001b[39m }}\u001b[33m>\u001b[39m\u001b[33mCreate\u001b[39m \u001b[33mNew\u001b[39m \u001b[33mCampaign\u001b[39m\u001b[33m<\u001b[39m\u001b[33m/\u001b[39m\u001b[33mh2\u001b[39m\u001b[33m>\u001b[39m\u001b[22m\n\u001b[2m     \u001b[90m 15 |\u001b[39m       \u001b[33m<\u001b[39m\u001b[33mStepper\u001b[39m activeStep\u001b[33m=\u001b[39m{activeStep} alternativeLabel\u001b[33m>\u001b[39m\u001b[0m\u001b[22m\n\u001b[2m\u001b[22m\n\u001b[2m      \u001b[2mat App (\u001b[22m\u001b[2msrc/App.tsx\u001b[2m:12:3)\u001b[22m\u001b[2m\u001b[22m\n\u001b[2m      \u001b[2mat Object.react-stack-bottom-frame (\u001b[22m\u001b[2mnode_modules/react-dom/cjs/react-dom-client.development.js\u001b[2m:23863:20)\u001b[22m\u001b[2m\u001b[22m\n\u001b[2m      \u001b[2mat renderWithHooks (\u001b[22m\u001b[2mnode_modules/react-dom/cjs/react-dom-client.development.js\u001b[2m:5529:22)\u001b[22m\u001b[2m\u001b[22m\n\u001b[2m      \u001b[2mat updateFunctionComponent (\u001b[22m\u001b[2mnode_modules/react-dom/cjs/react-dom-client.development.js\u001b[2m:8897:19)\u001b[22m\u001b[2m\u001b[22m\n\u001b[2m      \u001b[2mat beginWork (\u001b[22m\u001b[2mnode_modules/react-dom/cjs/react-dom-client.development.js\u001b[2m:10522:18)\u001b[22m\u001b[2m\u001b[22m\n\u001b[2m      \u001b[2mat runWithFiberInDEV (\u001b[22m\u001b[2mnode_modules/react-dom/cjs/react-dom-client.development.js\u001b[2m:1522:13)\u001b[22m\u001b[2m\u001b[22m\n\u001b[2m      \u001b[2mat performUnitOfWork (\u001b[22m\u001b[2mnode_modules/react-dom/cjs/react-dom-client.development.js\u001b[2m:15140:22)\u001b[22m\u001b[2m\u001b[22m\n\u001b[2m      \u001b[2mat workLoopSync (\u001b[22m\u001b[2mnode_modules/react-dom/cjs/react-dom-client.development.js\u001b[2m:14956:41)\u001b[22m\u001b[2m\u001b[22m\n\u001b[2m      \u001b[2mat renderRootSync (\u001b[22m\u001b[2mnode_modules/react-dom/cjs/react-dom-client.development.js\u001b[2m:14936:11)\u001b[22m\u001b[2m\u001b[22m\n\u001b[2m      \u001b[2mat performWorkOnRoot (\u001b[22m\u001b[2mnode_modules/react-dom/cjs/react-dom-client.development.js\u001b[2m:14462:44)\u001b[22m\u001b[2m\u001b[22m\n\u001b[2m      \u001b[2mat performWorkOnRootViaSchedulerTask (\u001b[22m\u001b[2mnode_modules/react-dom/cjs/react-dom-client.development.js\u001b[2m:16216:7)\u001b[22m\u001b[2m\u001b[22m\n\u001b[2m      \u001b[2mat flushActQueue (\u001b[22m\u001b[2mnode_modules/react/cjs/react.development.js\u001b[2m:566:34)\u001b[22m\u001b[2m\u001b[22m\n\u001b[2m      \u001b[2mat Object.<anonymous>.process.env.NODE_ENV.exports.act (\u001b[22m\u001b[2mnode_modules/react/cjs/react.development.js\u001b[2m:859:10)\u001b[22m\u001b[2m\u001b[22m\n\u001b[2m      \u001b[2mat \u001b[22m\u001b[2mnode_modules/@testing-library/react/dist/act-compat.js\u001b[2m:47:25\u001b[22m\u001b[2m\u001b[22m\n\u001b[2m      \u001b[2mat renderRoot (\u001b[22m\u001b[2mnode_modules/@testing-library/react/dist/pure.js\u001b[2m:190:26)\u001b[22m\u001b[2m\u001b[22m\n\u001b[2m      \u001b[2mat render (\u001b[22m\u001b[2mnode_modules/@testing-library/react/dist/pure.js\u001b[2m:292:10)\u001b[22m\u001b[2m\u001b[22m\n\u001b[2m      \u001b[2mat Object.<anonymous> (\u001b[22m\u001b[2m\u001b[0m\u001b[36msrc/App.test.tsx\u001b[39m\u001b[0m\u001b[2m:6:9)\u001b[22m\u001b[2m\u001b[22m\n\u001b[2m      \u001b[2mat TestScheduler.scheduleTests (\u001b[22m\u001b[2mnode_modules/@jest/core/build/TestScheduler.js\u001b[2m:333:13)\u001b[22m\u001b[2m\u001b[22m\n\u001b[2m      \u001b[2mat runJest (\u001b[22m\u001b[2mnode_modules/@jest/core/build/runJest.js\u001b[2m:404:19)\u001b[22m\u001b[2m\u001b[22m\n\u001b[2m      \u001b[2mat _run10000 (\u001b[22m\u001b[2mnode_modules/@jest/core/build/cli/index.js\u001b[2m:320:7)\u001b[22m\u001b[2m\u001b[22m\n\u001b[2m      \u001b[2mat runCLI (\u001b[22m\u001b[2mnode_modules/@jest/core/build/cli/index.js\u001b[2m:173:3)\u001b[22m\u001b[2m\u001b[22m\n","name":"/home/mian/ioe-ui/src/App.test.tsx","startTime":1750379939935,"status":"failed","summary":""}],"wasInterrupted":false}